Unity Editor version:    6000.4.0f1 (8cf496087c8f)
Branch:                  6000.4/staging
Build type:              Release
Batch mode:              YES
macOS version:           Version 26.2 (Build 25C56)
Darwin version:          25.2.0
Architecture:            arm64
Running under Rosetta:   NO
Available memory:        16384 MB
Date:                    2026-03-29T10:31:56Z
[Licensing::Module] Trying to connect to existing licensing client channel...
[Licensing::IpcConnector] Successfully connected to: "LicenseClient-jws" at "2026-03-29T10:31:56.713324Z"
Launching external process: /Applications/Unity/Hub/Editor/6000.4.0f1/Unity.app/Contents/Helpers/PackageManager/Server/UnityPackageManager

COMMAND LINE ARGUMENTS:
/Applications/Unity/Hub/Editor/6000.4.0f1/Unity.app/Contents/MacOS/Unity
-batchmode
-nographics
-projectPath
/Volumes/External Drive/unity/elysium_unity
-executeMethod
Elysium.Editor.SmokeBatchRunner.RunProtoSmokeSuite
-logFile
/Volumes/External Drive/unity/elysium_unity/proto-smoke.log
-quit
Successfully changed project path to: /Volumes/External Drive/unity/elysium_unity
/Volumes/External Drive/unity/elysium_unity
[UnityMemory] Configuration Parameters - Can be set up in boot.config
    "memorysetup-temp-allocator-size-gi-baking-worker=262144"
    "memorysetup-temp-allocator-size-gi-baking-worker=262144"
    "memorysetup-temp-allocator-size-gi-baking-worker=262144"
    "memorysetup-temp-allocator-size-gi-baking-worker=262144"
    "memorysetup-temp-allocator-size-gi-baking-worker=262144"
    "memorysetup-temp-allocator-size-nav-mesh-worker=65536"
    "memorysetup-temp-allocator-size-audio-worker=65536"
    "memorysetup-temp-allocator-size-cloud-worker=32768"
    "memorysetup-allocator-temp-initial-block-size-main=262144"
    "memorysetup-allocator-temp-initial-block-size-worker=262144"
    "memorysetup-temp-allocator-size-background-worker=32768"
    "memorysetup-temp-allocator-size-job-worker=262144"
    "memorysetup-temp-allocator-size-preload-manager=33554432"
    "memorysetup-temp-allocator-size-gfx=262144"
    "memorysetup-bucket-allocator-granularity=16"
    "memorysetup-bucket-allocator-bucket-count=8"
    "memorysetup-bucket-allocator-block-size=33554432"
    "memorysetup-bucket-allocator-block-count=8"
    "memorysetup-main-allocator-block-size=16777216"
    "memorysetup-thread-allocator-block-size=16777216"
    "memorysetup-gfx-main-allocator-block-size=16777216"
    "memorysetup-gfx-thread-allocator-block-size=16777216"
    "memorysetup-cache-allocator-block-size=4194304"
    "memorysetup-typetree-allocator-block-size=2097152"
    "memorysetup-profiler-bucket-allocator-granularity=16"
    "memorysetup-profiler-bucket-allocator-bucket-count=8"
    "memorysetup-profiler-bucket-allocator-block-size=33554432"
    "memorysetup-profiler-bucket-allocator-block-count=8"
    "memorysetup-profiler-allocator-block-size=16777216"
    "memorysetup-profiler-editor-allocator-block-size=1048576"
    "memorysetup-temp-allocator-size-main=16777216"
    "memorysetup-job-temp-allocator-block-size=2097152"
    "memorysetup-job-temp-allocator-block-size-background=1048576"
    "memorysetup-job-temp-allocator-reduction-small-platforms=262144"
Player connection [8652532800]  Target information:

Player connection [8652532800]  * "[IP] 192.168.68.53 [Port] 55504 [Flags] 2 [Guid] 721219590 [EditorId] 721219590 [Version] 1048832 [Id] OSXEditor(0,mac.local) [Debug] 1 [PackageName] OSXEditor [ProjectName] Editor" 

Player connection [8652532800]  * "[IP] 192.168.68.68 [Port] 55504 [Flags] 2 [Guid] 721219590 [EditorId] 721219590 [Version] 1048832 [Id] OSXEditor(0,mac.local) [Debug] 1 [PackageName] OSXEditor [ProjectName] Editor" 

Player connection [8652532800]  * "[IP] 100.114.232.52 [Port] 55504 [Flags] 2 [Guid] 721219590 [EditorId] 721219590 [Version] 1048832 [Id] OSXEditor(0,mac.local) [Debug] 1 [PackageName] OSXEditor [ProjectName] Editor" 

Player connection [8652532800] Host joined multi-casting on [225.0.0.222:54997]...
Player connection [8652532800] Host joined alternative multi-casting on [225.0.0.222:34997]...
Input System module state changed to: Initialized.
[Physics::Module] Initialized fallback backend.
[Physics::Module] Id: 0xdecafbad
[Package Manager] Connected to IPC stream "Upm-88115" after 0.2 seconds.
[Licensing::Module] Licensing is not yet initialized.
[Licensing::Client] Error: HandshakeResponse reported an error:
	ResponseCode: 505
	ResponseStatus: Unsupported protocol version '1.18.1'.
[Licensing::Module] Error: Failed to handshake to channel: "LicenseClient-jws"
[Licensing::IpcConnector] LicenseClient-jws channel disconnected successfully.
[Licensing::IpcConnector] Channel LicenseClient-jws-6000.4.0 doesn't exist
Launching external process: /Applications/Unity/Hub/Editor/6000.4.0f1/Unity.app/Contents/Helpers/UnityLicensingClient.app/Contents/MacOS/Unity.Licensing.Client
[Licensing::Module] Successfully launched the LicensingClient (PId: 88118)
[Licensing::IpcConnector] Successfully connected to: "LicenseClient-jws-6000.4.0" at "2026-03-29T10:31:57.439943Z"
[Licensing::Client] Handshaking with LicensingClient:
  Version:                 1.18.1+9fbee8e
  Session Id:              47b8b39be1e641f1a57479a88a6caa3c
  Correlation Id:          760c095bf9ba0884a78f43583f43a432
  External correlation Id: 3848157879874986334
  Machine Id:              yoDbc3Pw2SFeowiq40Bz/HG+M10=
[Licensing::Module] Successfully connected to LicensingClient on channel: "LicenseClient-jws-6000.4.0" (connect: 0.39s, validation: 0.02s, handshake: 0.31s)
[Licensing::IpcConnector] Successfully connected to: "LicenseClient-jws-6000.4.0-notifications" at "2026-03-29T10:31:57.771007Z"
[Licensing::Module] Connected to LicensingClient (PId: 88118, launch time: 0.00, total connection time: 0.72s)
[Licensing::Module] Error: Access token is unavailable; failed to update
[Licensing::Client] Successfully resolved entitlement details
[Licensing::Module] License group:
  Id: 2475959441118-UnityPersXXXX
  Product: Unity Personal
  Type: Assigned
  Expiration: Unlimited
[Licensing::Client] Successfully updated license, isAsync: True, time: 0.01
[Licensing::Client] Successfully resolved entitlement details
[Licensing::Module] Licensing Background thread has ended after 1.07s
[Licensing::Module] Licensing is initialized (took 0.77s).
[Licensing::Client] Successfully resolved entitlement details
Library Redirect Path: Library/
[Physics::Module] Selected backend.
[Physics::Module] Name: PhysX
[Physics::Module] Id: 0xf2b8ea05
[Physics::Module] SDK Version: 4.1.2
[Physics::Module] Integration Version: 1.0.0
[Physics::Module] Threading Mode: Multi-Threaded
Initialize engine version: 6000.4.0f1 (8cf496087c8f)
[Subsystems] Discovering subsystems at path /Applications/Unity/Hub/Editor/6000.4.0f1/Unity.app/Contents/Resources/UnitySubsystems
[Subsystems] Discovering subsystems at path /Volumes/External Drive/unity/elysium_unity/Assets
Forcing GfxDevice: Null
GfxDevice: creating device client; kGfxThreadingModeNonThreaded
NullGfxDevice:
    Version:  NULL 1.0 [1.0]
    Renderer: Null Device
    Vendor:   Unity Technologies
Initialize mono
Mono path[0] = '/Applications/Unity/Hub/Editor/6000.4.0f1/Unity.app/Contents/Resources/Scripting/Managed'
Mono path[1] = '/Applications/Unity/Hub/Editor/6000.4.0f1/Unity.app/Contents/Resources/Scripting/MonoBleedingEdge/lib/mono/unityjit-macos'
Mono config path = '/Applications/Unity/Hub/Editor/6000.4.0f1/Unity.app/Contents/Resources/Scripting/MonoBleedingEdge/etc'
Using monoOptions --debugger-agent=transport=dt_socket,embedding=1,server=y,suspend=n,address=127.0.0.1:56115
CodeReloadManager initialized
Using cacheserver namespaces - metadata:defaultmetadata, artifacts:defaultartifacts
Using cacheserver namespaces - metadata:defaultmetadata, artifacts:defaultartifacts
ImportWorker Server TCP listen port: 0
AcceleratorClientConnectionCallback - disconnected - :0
Begin MonoManager ReloadAssembly
Registering precompiled unity dll's ...
Register platform support module: /Applications/Unity/Hub/Editor/6000.4.0f1/PlaybackEngines/WebGLSupport/UnityEditor.WebGL.Extensions.dll
Register platform support module: /Applications/Unity/Hub/Editor/6000.4.0f1/Unity.app/Contents/PlaybackEngines/MacStandaloneSupport/UnityEditor.OSXStandalone.Extensions.dll
Registered in 0.000579 seconds.
Native extension for OSXStandalone target not found
Native extension for WebGL target not found
Package Manager log level set to [2]
ScheduleIndexationOnStartup MainProcess:False IndexOnStartup:True
Mono: successfully reloaded assembly
- Finished resetting the current domain, in  0.258 seconds
Domain Reload Profiling: 529ms
	BeginReloadAssembly (61ms)
		CreateAndSetChildDomain (13ms)
	RebuildCommonClasses (26ms)
	RebuildNativeTypeToScriptingClass (11ms)
	initialDomainReloadingComplete (33ms)
	LoadAllAssembliesAndSetupDomain (138ms)
		LoadAssemblies (48ms)
		AnalyzeDomain (132ms)
			TypeCache.Refresh (131ms)
				TypeCache.ScanAssembly (122ms)
	FinalizeReload (259ms)
		SetupLoadedEditorAssemblies (0ms)
			InitializePlatformSupportModulesInManaged (28ms)
			BeforeProcessingInitializeOnLoad (58ms)
			ProcessInitializeOnLoadAttributes (66ms)
			ProcessInitializeOnLoadMethodAttributes (59ms)
[Licensing::Client] Successfully resolved entitlement details
Application.AssetDatabase Initial Refresh Start
[Package Manager] Restoring resolved packages state from cache
[Licensing::Client] Successfully resolved entitlement details
[Package Manager] Registered 61 packages:
  Packages from [https://packages.unity.com]:
    com.unity.ads@4.16.4 (location: /Volumes/External Drive/unity/elysium_unity/Library/PackageCache/com.unity.ads@e89225828059)
    com.unity.ai.navigation@2.0.11 (location: /Volumes/External Drive/unity/elysium_unity/Library/PackageCache/com.unity.ai.navigation@78534c21b27d)
    com.unity.analytics@3.8.2 (location: /Volumes/External Drive/unity/elysium_unity/Library/PackageCache/com.unity.analytics@c9d14a6bdec6)
    com.unity.collab-proxy@2.11.4 (location: /Volumes/External Drive/unity/elysium_unity/Library/PackageCache/com.unity.collab-proxy@a5329f833fa8)
    com.unity.ide.rider@3.0.39 (location: /Volumes/External Drive/unity/elysium_unity/Library/PackageCache/com.unity.ide.rider@4504839d03f7)
    com.unity.ide.visualstudio@2.0.27 (location: /Volumes/External Drive/unity/elysium_unity/Library/PackageCache/com.unity.ide.visualstudio@dc1ddd4f09b6)
    com.unity.netcode.gameobjects@1.10.0 (location: /Volumes/External Drive/unity/elysium_unity/Library/PackageCache/com.unity.netcode.gameobjects@ee7bebd1b67c)
    com.unity.purchasing@4.14.2 (location: /Volumes/External Drive/unity/elysium_unity/Library/PackageCache/com.unity.purchasing@039fd41c6e81)
    com.unity.timeline@1.8.11 (location: /Volumes/External Drive/unity/elysium_unity/Library/PackageCache/com.unity.timeline@bfd27f8016ff)
    com.unity.transport@2.2.1 (location: /Volumes/External Drive/unity/elysium_unity/Library/PackageCache/com.unity.transport@ec41260a0877)
    com.unity.xr.legacyinputhelpers@3.0.1 (location: /Volumes/External Drive/unity/elysium_unity/Library/PackageCache/com.unity.xr.legacyinputhelpers@3f62d634f63b)
    com.unity.burst@1.8.28 (location: /Volumes/External Drive/unity/elysium_unity/Library/PackageCache/com.unity.burst@07790c2d06d9)
    com.unity.mathematics@1.3.3 (location: /Volumes/External Drive/unity/elysium_unity/Library/PackageCache/com.unity.mathematics@19a9377c4ffa)
    com.unity.services.core@1.16.0 (location: /Volumes/External Drive/unity/elysium_unity/Library/PackageCache/com.unity.services.core@8ba50f624741)
    com.unity.nuget.mono-cecil@1.11.6 (location: /Volumes/External Drive/unity/elysium_unity/Library/PackageCache/com.unity.nuget.mono-cecil@ecb9724e46ff)
    com.unity.services.analytics@6.3.0 (location: /Volumes/External Drive/unity/elysium_unity/Library/PackageCache/com.unity.services.analytics@cde4e6cf92f9)
    com.unity.test-framework.performance@3.2.0 (location: /Volumes/External Drive/unity/elysium_unity/Library/PackageCache/com.unity.test-framework.performance@0840f58e4562)
    com.unity.nuget.newtonsoft-json@3.2.2 (location: /Volumes/External Drive/unity/elysium_unity/Library/PackageCache/com.unity.nuget.newtonsoft-json@4dfd81071c64)
  Built-in packages:
    com.unity.2d.sprite@1.0.0 (location: /Volumes/External Drive/unity/elysium_unity/Library/PackageCache/com.unity.2d.sprite@929df5adbb1f)
    com.unity.2d.tilemap@1.0.0 (location: /Volumes/External Drive/unity/elysium_unity/Library/PackageCache/com.unity.2d.tilemap@533f309b6f37)
    com.unity.multiplayer.center@1.0.1 (location: /Volumes/External Drive/unity/elysium_unity/Library/PackageCache/com.unity.multiplayer.center@f01f4ba8d00a)
    com.unity.test-framework@1.6.0 (location: /Volumes/External Drive/unity/elysium_unity/Library/PackageCache/com.unity.test-framework@629486125cfc)
    com.unity.ugui@2.0.0 (location: /Volumes/External Drive/unity/elysium_unity/Library/PackageCache/com.unity.ugui@3dd2fbd8c1f1)
    com.unity.modules.accessibility@1.0.0 (location: /Volumes/External Drive/unity/elysium_unity/Library/PackageCache/com.unity.modules.accessibility)
    com.unity.modules.adaptiveperformance@1.0.0 (location: /Volumes/External Drive/unity/elysium_unity/Library/PackageCache/com.unity.modules.adaptiveperformance)
    com.unity.modules.ai@1.0.0 (location: /Volumes/External Drive/unity/elysium_unity/Library/PackageCache/com.unity.modules.ai)
    com.unity.modules.androidjni@1.0.0 (location: /Volumes/External Drive/unity/elysium_unity/Library/PackageCache/com.unity.modules.androidjni)
    com.unity.modules.animation@1.0.0 (location: /Volumes/External Drive/unity/elysium_unity/Library/PackageCache/com.unity.modules.animation)
    com.unity.modules.assetbundle@1.0.0 (location: /Volumes/External Drive/unity/elysium_unity/Library/PackageCache/com.unity.modules.assetbundle)
    com.unity.modules.audio@1.0.0 (location: /Volumes/External Drive/unity/elysium_unity/Library/PackageCache/com.unity.modules.audio)
    com.unity.modules.cloth@1.0.0 (location: /Volumes/External Drive/unity/elysium_unity/Library/PackageCache/com.unity.modules.cloth)
    com.unity.modules.director@1.0.0 (location: /Volumes/External Drive/unity/elysium_unity/Library/PackageCache/com.unity.modules.director)
    com.unity.modules.imageconversion@1.0.0 (location: /Volumes/External Drive/unity/elysium_unity/Library/PackageCache/com.unity.modules.imageconversion)
    com.unity.modules.imgui@1.0.0 (location: /Volumes/External Drive/unity/elysium_unity/Library/PackageCache/com.unity.modules.imgui)
    com.unity.modules.jsonserialize@1.0.0 (location: /Volumes/External Drive/unity/elysium_unity/Library/PackageCache/com.unity.modules.jsonserialize)
    com.unity.modules.particlesystem@1.0.0 (location: /Volumes/External Drive/unity/elysium_unity/Library/PackageCache/com.unity.modules.particlesystem)
    com.unity.modules.physics@1.0.0 (location: /Volumes/External Drive/unity/elysium_unity/Library/PackageCache/com.unity.modules.physics)
    com.unity.modules.physics2d@1.0.0 (location: /Volumes/External Drive/unity/elysium_unity/Library/PackageCache/com.unity.modules.physics2d)
    com.unity.modules.screencapture@1.0.0 (location: /Volumes/External Drive/unity/elysium_unity/Library/PackageCache/com.unity.modules.screencapture)
    com.unity.modules.terrain@1.0.0 (location: /Volumes/External Drive/unity/elysium_unity/Library/PackageCache/com.unity.modules.terrain)
    com.unity.modules.terrainphysics@1.0.0 (location: /Volumes/External Drive/unity/elysium_unity/Library/PackageCache/com.unity.modules.terrainphysics)
    com.unity.modules.tilemap@1.0.0 (location: /Volumes/External Drive/unity/elysium_unity/Library/PackageCache/com.unity.modules.tilemap)
    com.unity.modules.ui@1.0.0 (location: /Volumes/External Drive/unity/elysium_unity/Library/PackageCache/com.unity.modules.ui)
    com.unity.modules.uielements@1.0.0 (location: /Volumes/External Drive/unity/elysium_unity/Library/PackageCache/com.unity.modules.uielements)
    com.unity.modules.umbra@1.0.0 (location: /Volumes/External Drive/unity/elysium_unity/Library/PackageCache/com.unity.modules.umbra)
    com.unity.modules.unityanalytics@1.0.0 (location: /Volumes/External Drive/unity/elysium_unity/Library/PackageCache/com.unity.modules.unityanalytics)
    com.unity.modules.unitywebrequest@1.0.0 (location: /Volumes/External Drive/unity/elysium_unity/Library/PackageCache/com.unity.modules.unitywebrequest)
    com.unity.modules.unitywebrequestassetbundle@1.0.0 (location: /Volumes/External Drive/unity/elysium_unity/Library/PackageCache/com.unity.modules.unitywebrequestassetbundle)
    com.unity.modules.unitywebrequestaudio@1.0.0 (location: /Volumes/External Drive/unity/elysium_unity/Library/PackageCache/com.unity.modules.unitywebrequestaudio)
    com.unity.modules.unitywebrequesttexture@1.0.0 (location: /Volumes/External Drive/unity/elysium_unity/Library/PackageCache/com.unity.modules.unitywebrequesttexture)
    com.unity.modules.unitywebrequestwww@1.0.0 (location: /Volumes/External Drive/unity/elysium_unity/Library/PackageCache/com.unity.modules.unitywebrequestwww)
    com.unity.modules.vectorgraphics@1.0.0 (location: /Volumes/External Drive/unity/elysium_unity/Library/PackageCache/com.unity.modules.vectorgraphics)
    com.unity.modules.vehicles@1.0.0 (location: /Volumes/External Drive/unity/elysium_unity/Library/PackageCache/com.unity.modules.vehicles)
    com.unity.modules.video@1.0.0 (location: /Volumes/External Drive/unity/elysium_unity/Library/PackageCache/com.unity.modules.video)
    com.unity.modules.vr@1.0.0 (location: /Volumes/External Drive/unity/elysium_unity/Library/PackageCache/com.unity.modules.vr)
    com.unity.modules.wind@1.0.0 (location: /Volumes/External Drive/unity/elysium_unity/Library/PackageCache/com.unity.modules.wind)
    com.unity.modules.xr@1.0.0 (location: /Volumes/External Drive/unity/elysium_unity/Library/PackageCache/com.unity.modules.xr)
    com.unity.modules.subsystems@1.0.0 (location: /Volumes/External Drive/unity/elysium_unity/Library/PackageCache/com.unity.modules.subsystems)
    com.unity.modules.hierarchycore@1.0.0 (location: /Volumes/External Drive/unity/elysium_unity/Library/PackageCache/com.unity.modules.hierarchycore)
    com.unity.collections@6.4.0 (location: /Volumes/External Drive/unity/elysium_unity/Library/PackageCache/com.unity.collections@538ace9075bc)
    com.unity.ext.nunit@2.0.5 (location: /Volumes/External Drive/unity/elysium_unity/Library/PackageCache/com.unity.ext.nunit@d8c07649098d)
[Subsystems] No new subsystems found in resolved package list.
[Package Manager] Done registering packages in 0.00 seconds
info: Microsoft.Hosting.Lifetime[14]
      Now listening on: http://unix:/tmp/ilpp.sock-afc4ce5b2574b9fe5bb749b8c8ba2305
info: Microsoft.Hosting.Lifetime[0]
      Application started. Press Ctrl+C to shut down.
info: Microsoft.Hosting.Lifetime[0]
      Hosting environment: Production
info: Microsoft.Hosting.Lifetime[0]
      Content root path: /Volumes/External Drive/unity/elysium_unity
info: Microsoft.AspNetCore.Hosting.Diagnostics[1]
      Request starting HTTP/2 POST http://ilpp/UnityILPP.PostProcessing/Ping - application/grpc -
info: Microsoft.AspNetCore.Routing.EndpointMiddleware[0]
      Executing endpoint 'gRPC - /UnityILPP.PostProcessing/Ping'
info: Microsoft.AspNetCore.Routing.EndpointMiddleware[1]
      Executed endpoint 'gRPC - /UnityILPP.PostProcessing/Ping'
info: Microsoft.AspNetCore.Hosting.Diagnostics[2]
      Request finished HTTP/2 POST http://ilpp/UnityILPP.PostProcessing/Ping - 200 - application/grpc 19.7012ms
Starting: /Applications/Unity/Hub/Editor/6000.4.0f1/Unity.app/Contents/Resources/BuildPipeline/bee_backend --ipc --defer-dag-verification --dagfile="Library/Bee/200b0aE.dag" --continue-on-failure --profile="Library/Bee/backend1.traceevents" ScriptAssemblies
WorkingDir: /Volumes/External Drive/unity/elysium_unity
DisplayProgressbar: Compiling Scripts
info: Microsoft.AspNetCore.Hosting.Diagnostics[1]
      Request starting HTTP/2 POST http://ilpp/UnityILPP.PostProcessing/ConfigurePostProcessors - application/grpc -
info: Microsoft.AspNetCore.Routing.EndpointMiddleware[0]
      Executing endpoint 'gRPC - /UnityILPP.PostProcessing/ConfigurePostProcessors'
warn: Unity.ILPP.Runner.PostProcessingAssemblyLoadContext[0]
      Assembly system.runtime.interopservices.windowsruntime has duplicate hint path. Ignoring "/Applications/Unity/Hub/Editor/6000.4.0f1/Unity.app/Contents/Resources/Scripting/UnityReferenceAssemblies/unity-4.8-api/Facades/System.Runtime.InteropServices.WindowsRuntime.dll" in favor of "/Applications/Unity/Hub/Editor/6000.4.0f1/Unity.app/Contents/Resources/Scripting/NetStandard/Extensions/2.0.0/System.Runtime.InteropServices.WindowsRuntime.dll"
warn: Unity.ILPP.Runner.PostProcessingAssemblyLoadContext[0]
      Assembly system.componentmodel.composition has duplicate hint path. Ignoring "/Applications/Unity/Hub/Editor/6000.4.0f1/Unity.app/Contents/Resources/Scripting/UnityReferenceAssemblies/unity-4.8-api/System.ComponentModel.Composition.dll" in favor of "/Applications/Unity/Hub/Editor/6000.4.0f1/Unity.app/Contents/Resources/Scripting/NetStandard/compat/2.1.0/shims/netfx/System.ComponentModel.Composition.dll"
info: Unity.ILPP.Runner.PostProcessingAssemblyLoadContext[0]
      Resolved Unity.Burst.Cecil, Version=0.11.4.0, Culture=neutral, PublicKeyToken=50cebf1cceb9d05e with Library/PackageCache/com.unity.burst@07790c2d06d9/Unity.Burst.CodeGen/Unity.Burst.Cecil.dll
info: Unity.ILPP.Runner.PostProcessingAssemblyLoadContext[0]
      Resolved Mono.Cecil, Version=0.11.5.0, Culture=neutral, PublicKeyToken=50cebf1cceb9d05e with Library/PackageCache/com.unity.nuget.mono-cecil@ecb9724e46ff/Mono.Cecil.dll
info: Microsoft.AspNetCore.Routing.EndpointMiddleware[1]
      Executed endpoint 'gRPC - /UnityILPP.PostProcessing/ConfigurePostProcessors'
info: Microsoft.AspNetCore.Hosting.Diagnostics[2]
      Request finished HTTP/2 POST http://ilpp/UnityILPP.PostProcessing/ConfigurePostProcessors - 200 - application/grpc 19.0863ms
ExitCode: 0 Duration: 0s356ms
[731/957    0s] ILPP-Configuration Library/ilpp-configuration.nevergeneratedoutput
*** Tundra build success (0.34 seconds), 1 items updated, 957 evaluated
AssetDatabase: script compilation time: 0.807457s
Total cache size 58031808
Begin MonoManager ReloadAssembly
Total cache size after purge 58031808, took 00:00:00.0854628
Assembly Assembly-CSharp-Editor-firstpass.dll at Library/ScriptAssemblies/Assembly-CSharp-Editor-firstpass.dll not valid. Loading of assembly skipped.
Assembly Assembly-CSharp-firstpass.dll at Library/ScriptAssemblies/Assembly-CSharp-firstpass.dll not valid. Loading of assembly skipped.
Assembly DocCodeExamples.dll at Library/ScriptAssemblies/DocCodeExamples.dll not valid. Loading of assembly skipped.
Assembly TestNewCustomAssembly.dll at Library/ScriptAssemblies/TestNewCustomAssembly.dll not valid. Loading of assembly skipped.
Assembly Unity.2D.Sprite.Package.EditorTests.dll at Library/ScriptAssemblies/Unity.2D.Sprite.Package.EditorTests.dll not valid. Loading of assembly skipped.
Assembly Unity.2D.Tilemap.Package.EditorTests.dll at Library/ScriptAssemblies/Unity.2D.Tilemap.Package.EditorTests.dll not valid. Loading of assembly skipped.
Assembly Unity.Analytics.DataPrivacy.Tests.dll at Library/ScriptAssemblies/Unity.Analytics.DataPrivacy.Tests.dll not valid. Loading of assembly skipped.
Assembly Unity.Analytics.StandardEvents.EditorTests.dll at Library/ScriptAssemblies/Unity.Analytics.StandardEvents.EditorTests.dll not valid. Loading of assembly skipped.
Assembly Unity.Collections.BurstCompatibilityGen.dll at Library/ScriptAssemblies/Unity.Collections.BurstCompatibilityGen.dll not valid. Loading of assembly skipped.
Assembly Unity.Collections.DocCodeSamples.dll at Library/ScriptAssemblies/Unity.Collections.DocCodeSamples.dll not valid. Loading of assembly skipped.
Assembly Unity.Collections.PerformanceTests.dll at Library/ScriptAssemblies/Unity.Collections.PerformanceTests.dll not valid. Loading of assembly skipped.
Assembly Unity.Collections.Tests.dll at Library/ScriptAssemblies/Unity.Collections.Tests.dll not valid. Loading of assembly skipped.
Assembly Unity.Collections.Tests.Playmode.dll at Library/ScriptAssemblies/Unity.Collections.Tests.Playmode.dll not valid. Loading of assembly skipped.
Assembly Unity.Mathematics.Tests.dll at Library/ScriptAssemblies/Unity.Mathematics.Tests.dll not valid. Loading of assembly skipped.
Assembly Unity.Multiplayer.Center.Editor.Tests.dll at Library/ScriptAssemblies/Unity.Multiplayer.Center.Editor.Tests.dll not valid. Loading of assembly skipped.
Assembly Unity.Multiplayer.Center.Tests.dll at Library/ScriptAssemblies/Unity.Multiplayer.Center.Tests.dll not valid. Loading of assembly skipped.
Assembly Unity.Netcode.EditorTests.dll at Library/ScriptAssemblies/Unity.Netcode.EditorTests.dll not valid. Loading of assembly skipped.
Assembly Unity.Netcode.RuntimeTests.dll at Library/ScriptAssemblies/Unity.Netcode.RuntimeTests.dll not valid. Loading of assembly skipped.
Assembly Unity.Netcode.TestHelpers.Runtime.dll at Library/ScriptAssemblies/Unity.Netcode.TestHelpers.Runtime.dll not valid. Loading of assembly skipped.
Assembly Unity.Nuget.Mono-Cecil.dll at Library/ScriptAssemblies/Unity.Nuget.Mono-Cecil.dll not valid. Loading of assembly skipped.
Assembly Unity.TextMeshPro.Editor.Tests.dll at Library/ScriptAssemblies/Unity.TextMeshPro.Editor.Tests.dll not valid. Loading of assembly skipped.
Assembly Unity.TextMeshPro.Tests.dll at Library/ScriptAssemblies/Unity.TextMeshPro.Tests.dll not valid. Loading of assembly skipped.
Assembly UnityEditor.UI.Common.Tests.dll at Library/ScriptAssemblies/UnityEditor.UI.Common.Tests.dll not valid. Loading of assembly skipped.
Assembly UnityEditor.UI.EditorTests.dll at Library/ScriptAssemblies/UnityEditor.UI.EditorTests.dll not valid. Loading of assembly skipped.
Assembly UnityEditor.XR.LegacyInputHelpers.Tests.dll at Library/ScriptAssemblies/UnityEditor.XR.LegacyInputHelpers.Tests.dll not valid. Loading of assembly skipped.
Assembly UnityEngine.Advertisements.Editor.Tests.dll at Library/ScriptAssemblies/UnityEngine.Advertisements.Editor.Tests.dll not valid. Loading of assembly skipped.
Assembly UnityEngine.Advertisements.Tests.dll at Library/ScriptAssemblies/UnityEngine.Advertisements.Tests.dll not valid. Loading of assembly skipped.
Assembly UnityEngine.Purchasing.Apple.dll at Library/ScriptAssemblies/UnityEngine.Purchasing.Apple.dll not valid. Loading of assembly skipped.
Assembly UnityEngine.Purchasing.AppleMacos.dll at Library/ScriptAssemblies/UnityEngine.Purchasing.AppleMacos.dll not valid. Loading of assembly skipped.
Assembly UnityEngine.Purchasing.Security.dll at Library/ScriptAssemblies/UnityEngine.Purchasing.Security.dll not valid. Loading of assembly skipped.
Assembly UnityEngine.Purchasing.WinRT.dll at Library/ScriptAssemblies/UnityEngine.Purchasing.WinRT.dll not valid. Loading of assembly skipped.
Assembly UnityEngine.SpatialTracking.Tests.dll at Library/ScriptAssemblies/UnityEngine.SpatialTracking.Tests.dll not valid. Loading of assembly skipped.
Assembly UnityEngine.UI.Tests.dll at Library/ScriptAssemblies/UnityEngine.UI.Tests.dll not valid. Loading of assembly skipped.
Symbol file LoadedFromMemory is not a mono symbol file
Native extension for OSXStandalone target not found
Native extension for WebGL target not found
ScheduleIndexationOnStartup MainProcess:True IndexOnStartup:True
Mono: successfully reloaded assembly
- Finished resetting the current domain, in  2.112 seconds
Domain Reload Profiling: 2537ms
	BeginReloadAssembly (112ms)
		DisableScriptedObjects (7ms)
		CreateAndSetChildDomain (39ms)
	RebuildCommonClasses (25ms)
	RebuildNativeTypeToScriptingClass (10ms)
	initialDomainReloadingComplete (26ms)
	LoadAllAssembliesAndSetupDomain (252ms)
		LoadAssemblies (176ms)
		AnalyzeDomain (111ms)
			TypeCache.Refresh (84ms)
				TypeCache.ScanAssembly (74ms)
			BuildScriptInfoCaches (23ms)
			ResolveRequiredComponents (3ms)
	FinalizeReload (2112ms)
		SetupLoadedEditorAssemblies (0ms)
			InitializePlatformSupportModulesInManaged (14ms)
			BeforeProcessingInitializeOnLoad (94ms)
			ProcessInitializeOnLoadAttributes (1531ms)
			ProcessInitializeOnLoadMethodAttributes (240ms)
		AwakeInstancesAfterBackupRestoration (3ms)
(Values over 0.050ms)
Asset Pipeline Refresh (id=907e81a13f4f145d1a05d8d07988c3c8): Total: 3.904 seconds - Initiated by InitialRefreshV2(ForceSynchronousImport)
	Summary:
		Imports: total=0 (actual=0, local cache=0, cache server=0)
		Asset DB Process Time: managed=0 ms, native=2620 ms
		Asset DB Callback time: managed=18 ms, native=6 ms
		Scripting: domain reloads=1, domain reload time=425 ms, compile time=809 ms, other=23 ms
		Project Asset Count: scripts=1120, non-scripts=1605
		Asset File Changes: new=0, changed=0, moved=0, deleted=0
		Scan Filter Count: 1
	InvokePackagesCallback: 7.369ms
	ApplyChangesToAssetFolders: 0.194ms
	Scan: 324.097ms
	CategorizeScriptCompilationAssets: 19.933ms
	ProcessAssetsWithTransientArtifactChanges: 26.515ms
	CategorizeAssets: 56.069ms
	CompileScripts: 808.876ms
	ImportOutOfDateAssets: 2117.871ms (2116.980ms without children)
		UnloadImportedAssets: 0.210ms
		EnsureUptoDateAssetsAreRegisteredWithGuidPM: 0.451ms
		OnDemandSchedulerStart: 0.227ms
	PostProcessAllAssets: 18.669ms
		MonoPostProcessAllAssets: 18.634ms
			SyncVS.PostprocessSyncProject 5.626ms
			WindowAssetPostprocessingWatcher.OnPostprocessAllAssets 5.323ms
			SpeedTree9Postprocessor.OnPostprocessAllAssets 0.450ms
			ReferencedClipsPostProcessor.OnPostprocessAllAssets 0.207ms
			AssetDatabaseCallbacks.OnPostprocessAllAssets 0.133ms
			TerrainToolbarOverlayPostProcessor.OnPostprocessAllAssets 0.103ms
	UnloadStreamsBegin: 0.628ms
	PersistCurrentRevisions: 0.072ms
	GenerateScriptTypeHashes: 39.999ms
	GenerateScriptTypeSerializationHashes: 80.427ms
	Untracked: 523.288ms

Application.AssetDatabase Initial Refresh End
Scanning for USB devices : 0.373ms
Initializing Unity extensions:
[MODES] ModeService[none].Initialize
[MODES] ModeService[none].LoadModes
[MODES] Loading mode Default (0) for mode-current-id-elysium_unity
Unloading 3 Unused Serialized files (Serialized files now loaded: 0)
Unloading 4036 unused Assets / (1.3 MB). Loaded Objects now: 4619.
Memory consumption went from 181.7 MB to 180.3 MB.
Total: 10.663500 ms (FindLiveObjects: 0.220833 ms CreateObjectMapping: 0.164792 ms MarkObjects: 9.278166 ms  DeleteObjects: 0.999209 ms)

[AreaLifecycleService] Area activated: 'area_proto_village' (Proto Village Square)
UnityEngine.Debug:ExtractStackTraceNoAlloc (byte*,int,string)
UnityEngine.StackTraceUtility:ExtractStackTrace () (at /Users/bokken/build/output/unity/unity/Runtime/Export/Scripting/StackTrace.cs:35)
UnityEngine.DebugLogHandler:Internal_Log (UnityEngine.LogType,UnityEngine.LogOption,string,UnityEngine.Object)
UnityEngine.DebugLogHandler:LogFormat (UnityEngine.LogType,UnityEngine.Object,string,object[])
UnityEngine.Logger:Log (UnityEngine.LogType,object)
UnityEngine.Debug:Log (object)
Elysium.World.AreaLifecycleService:TryActivateArea (string,string,string&) (at Assets/Scripts/World/AreaLifecycleService.cs:101)
Elysium.World.AreaLifecycleService:TryActivateEntryArea (Elysium.Packaging.WorldProject,string&) (at Assets/Scripts/World/AreaLifecycleService.cs:31)
Elysium.Boot.ProtoAreaSmokeTestRunner:RunInternal () (at Assets/Scripts/Boot/ProtoAreaSmokeTestRunner.cs:71)
Elysium.Boot.ProtoAreaSmokeTestRunner:RunProtoAreaSmokeTest () (at Assets/Scripts/Boot/ProtoAreaSmokeTestRunner.cs:35)
Elysium.Editor.SmokeBatchRunner/<>c:<RunProtoSmokeSuite>b__1_2 (Elysium.Boot.ProtoAreaSmokeTestRunner) (at Assets/Editor/SmokeBatchRunner.cs:60)
Elysium.Editor.SmokeBatchRunner:Run<Elysium.Boot.ProtoAreaSmokeTestRunner> (UnityEngine.GameObject,System.Action`1<Elysium.Boot.ProtoAreaSmokeTestRunner>,string,System.Text.StringBuilder) (at Assets/Editor/SmokeBatchRunner.cs:85)
Elysium.Editor.SmokeBatchRunner:RunProtoSmokeSuite () (at Assets/Editor/SmokeBatchRunner.cs:60)

(Filename: Assets/Scripts/World/AreaLifecycleService.cs Line: 101)

[AreaLifecycleService] Area deactivated: 'area_proto_village'
UnityEngine.Debug:ExtractStackTraceNoAlloc (byte*,int,string)
UnityEngine.StackTraceUtility:ExtractStackTrace () (at /Users/bokken/build/output/unity/unity/Runtime/Export/Scripting/StackTrace.cs:35)
UnityEngine.DebugLogHandler:Internal_Log (UnityEngine.LogType,UnityEngine.LogOption,string,UnityEngine.Object)
UnityEngine.DebugLogHandler:LogFormat (UnityEngine.LogType,UnityEngine.Object,string,object[])
UnityEngine.Logger:Log (UnityEngine.LogType,object)
UnityEngine.Debug:Log (object)
Elysium.World.AreaLifecycleService:DeactivateArea () (at Assets/Scripts/World/AreaLifecycleService.cs:119)
Elysium.Boot.ProtoAreaSmokeTestRunner:RunInternal () (at Assets/Scripts/Boot/ProtoAreaSmokeTestRunner.cs:94)
Elysium.Boot.ProtoAreaSmokeTestRunner:RunProtoAreaSmokeTest () (at Assets/Scripts/Boot/ProtoAreaSmokeTestRunner.cs:35)
Elysium.Editor.SmokeBatchRunner/<>c:<RunProtoSmokeSuite>b__1_2 (Elysium.Boot.ProtoAreaSmokeTestRunner) (at Assets/Editor/SmokeBatchRunner.cs:60)
Elysium.Editor.SmokeBatchRunner:Run<Elysium.Boot.ProtoAreaSmokeTestRunner> (UnityEngine.GameObject,System.Action`1<Elysium.Boot.ProtoAreaSmokeTestRunner>,string,System.Text.StringBuilder) (at Assets/Editor/SmokeBatchRunner.cs:85)
Elysium.Editor.SmokeBatchRunner:RunProtoSmokeSuite () (at Assets/Editor/SmokeBatchRunner.cs:60)

(Filename: Assets/Scripts/World/AreaLifecycleService.cs Line: 119)

[AreaLifecycleService] Area activated: 'area_proto_village' (Proto Village Square)
UnityEngine.Debug:ExtractStackTraceNoAlloc (byte*,int,string)
UnityEngine.StackTraceUtility:ExtractStackTrace () (at /Users/bokken/build/output/unity/unity/Runtime/Export/Scripting/StackTrace.cs:35)
UnityEngine.DebugLogHandler:Internal_Log (UnityEngine.LogType,UnityEngine.LogOption,string,UnityEngine.Object)
UnityEngine.DebugLogHandler:LogFormat (UnityEngine.LogType,UnityEngine.Object,string,object[])
UnityEngine.Logger:Log (UnityEngine.LogType,object)
UnityEngine.Debug:Log (object)
Elysium.World.AreaLifecycleService:TryActivateArea (string,string,string&) (at Assets/Scripts/World/AreaLifecycleService.cs:101)
Elysium.World.AreaLifecycleService:TryActivateEntryArea (Elysium.Packaging.WorldProject,string&) (at Assets/Scripts/World/AreaLifecycleService.cs:31)
Elysium.Boot.ProtoAreaSmokeTestRunner:RunInternal () (at Assets/Scripts/Boot/ProtoAreaSmokeTestRunner.cs:105)
Elysium.Boot.ProtoAreaSmokeTestRunner:RunProtoAreaSmokeTest () (at Assets/Scripts/Boot/ProtoAreaSmokeTestRunner.cs:35)
Elysium.Editor.SmokeBatchRunner/<>c:<RunProtoSmokeSuite>b__1_2 (Elysium.Boot.ProtoAreaSmokeTestRunner) (at Assets/Editor/SmokeBatchRunner.cs:60)
Elysium.Editor.SmokeBatchRunner:Run<Elysium.Boot.ProtoAreaSmokeTestRunner> (UnityEngine.GameObject,System.Action`1<Elysium.Boot.ProtoAreaSmokeTestRunner>,string,System.Text.StringBuilder) (at Assets/Editor/SmokeBatchRunner.cs:85)
Elysium.Editor.SmokeBatchRunner:RunProtoSmokeSuite () (at Assets/Editor/SmokeBatchRunner.cs:60)

(Filename: Assets/Scripts/World/AreaLifecycleService.cs Line: 101)

[AreaLifecycleService] Area deactivated: 'area_proto_village'
UnityEngine.Debug:ExtractStackTraceNoAlloc (byte*,int,string)
UnityEngine.StackTraceUtility:ExtractStackTrace () (at /Users/bokken/build/output/unity/unity/Runtime/Export/Scripting/StackTrace.cs:35)
UnityEngine.DebugLogHandler:Internal_Log (UnityEngine.LogType,UnityEngine.LogOption,string,UnityEngine.Object)
UnityEngine.DebugLogHandler:LogFormat (UnityEngine.LogType,UnityEngine.Object,string,object[])
UnityEngine.Logger:Log (UnityEngine.LogType,object)
UnityEngine.Debug:Log (object)
Elysium.World.AreaLifecycleService:DeactivateArea () (at Assets/Scripts/World/AreaLifecycleService.cs:119)
Elysium.Boot.ProtoAreaSmokeTestRunner:RunInternal () (at Assets/Scripts/Boot/ProtoAreaSmokeTestRunner.cs:109)
Elysium.Boot.ProtoAreaSmokeTestRunner:RunProtoAreaSmokeTest () (at Assets/Scripts/Boot/ProtoAreaSmokeTestRunner.cs:35)
Elysium.Editor.SmokeBatchRunner/<>c:<RunProtoSmokeSuite>b__1_2 (Elysium.Boot.ProtoAreaSmokeTestRunner) (at Assets/Editor/SmokeBatchRunner.cs:60)
Elysium.Editor.SmokeBatchRunner:Run<Elysium.Boot.ProtoAreaSmokeTestRunner> (UnityEngine.GameObject,System.Action`1<Elysium.Boot.ProtoAreaSmokeTestRunner>,string,System.Text.StringBuilder) (at Assets/Editor/SmokeBatchRunner.cs:85)
Elysium.Editor.SmokeBatchRunner:RunProtoSmokeSuite () (at Assets/Editor/SmokeBatchRunner.cs:60)

(Filename: Assets/Scripts/World/AreaLifecycleService.cs Line: 119)

=== Elysium Prototype Smoke Suite (Batch) ===
[ProtoCharacterCreation] PASS
=== Proto Character Creation Smoke Test ===
  Preset 'Fighter' → adapter output valid — ok
  Preset 'Cleric' → adapter output valid — ok
  Preset 'Rogue' → adapter output valid — ok
  Preset 'Wizard' → adapter output valid — ok
  Preset 'Ranger' → adapter output valid — ok
  CharacterCreationService accepted preset 'Fighter' → id='pc_proto_fighter' — ok
  CharacterCreationService accepted preset 'Cleric' → id='pc_proto_cleric' — ok
  CharacterCreationService accepted preset 'Rogue' → id='pc_proto_rogue' — ok
  CharacterCreationService accepted preset 'Wizard' → id='pc_proto_wizard' — ok
  CharacterCreationService accepted preset 'Ranger' → id='pc_proto_ranger' — ok
  Null appearance rejected: 'Appearance is null.' — ok
  Empty DisplayName rejected: 'DisplayName is required.' — ok
  Unknown ClassKey rejected: 'Unknown ClassKey 'Necromancer'. Valid keys: Fighter, Cleric, Rogue, Wizard, Ranger' — ok
=== Proto Character Creation Smoke Test COMPLETE ===

[ProtoInventory] PASS
=== Proto Inventory Smoke Test ===
  Items registered — ok
  Pick-ups succeeded — ok
  TotalItemCount == 5 — ok
  Stack merge: 3+2 potions → 5 — ok
  Equip sword + shield — ok
  Non-equippable rejected: 'Item 'health_potion' is not equippable (EquipSlot = None).' — ok
  Unequip shield — ok
  Empty-slot unequip rejected: 'Slot 'OffHand' is already empty.' — ok
  Drop 3 of 5 potions → 2 remain — ok
  Over-drop rejected: 'Insufficient quantity of 'health_potion' (have 2, need 99).' — ok
  Unknown item rejected: 'Unknown item 'legendary_staff'. Register the definition first.' — ok
  Serialise → restore round-trip — ok
=== Proto Inventory Smoke Test COMPLETE ===

[ProtoArea] PASS
=== Proto Area Smoke Test ===
  Loaded project 'Proto Village Square' — ok
  EntryAreaId == 'area_proto_village' — ok
  Area activated: 'area_proto_village' — ok
  AreaDefinition: biome='Village', size=(96,96) — ok
  Deactivation succeeded — ok
  Deactivate → Re-activate → Deactivate cycle — ok
  Gallery loaded: 2 starter character(s) — ok
  Created character 'pc_spike_c_integration_hero' via adapter for proto world — ok
=== Proto Area Smoke Test COMPLETE ===

[ProtoNetworkParity] PASS
=== Proto Network Parity Smoke Test ===
Session opened through adapter -> SessionService — ok
Players registered and GM assigned through adapter — ok
Impersonation blocked: Client 2 cannot act as 'player_001'. — ok
Non-GM assignment blocked: Requester 'player_001' is not authorised to assign characters. — ok
GM character assignment via adapter -> SessionService — ok
Lobby movement accepted through adapter -> ExplorationSyncService — ok
Combat movement lockout enforced: Exploration movement is locked while session state is InCombat. — ok
Post-combat movement accepted — ok
Character ownership mapping preserved — ok
=== Proto Network Parity Smoke Test COMPLETE ===

[ProtoSessionManagerParity] PASS
=== Proto Session Manager Parity Smoke Test ===
Player join path via manager helper — ok
Duplicate client-player binding blocked: Client 1 is already bound to player 'player_001'. — ok
Exploration movement accepted through manager helper — ok
Movement impersonation blocked: Client 2 cannot act as 'player_001'. — ok
Player action accepted through manager helper — ok
Action impersonation blocked: Client 2 cannot act as 'player_001'. — ok
Non-GM resolve blocked: Only GM 'gm_001' can resolve pending actions. — ok
GM resolution accepted through manager helper — ok
Player end-turn accepted through manager helper — ok
End-turn impersonation blocked: Client 2 cannot act as 'player_001'. — ok
Combat movement lockout via manager helper: Exploration movement is locked while session state is InCombat. — ok
=== Proto Session Manager Parity Smoke Test COMPLETE ===

UnityEngine.Debug:ExtractStackTraceNoAlloc (byte*,int,string)
UnityEngine.StackTraceUtility:ExtractStackTrace () (at /Users/bokken/build/output/unity/unity/Runtime/Export/Scripting/StackTrace.cs:35)
UnityEngine.DebugLogHandler:Internal_Log (UnityEngine.LogType,UnityEngine.LogOption,string,UnityEngine.Object)
UnityEngine.DebugLogHandler:LogFormat (UnityEngine.LogType,UnityEngine.Object,string,object[])
UnityEngine.Logger:Log (UnityEngine.LogType,object)
UnityEngine.Debug:Log (object)
Elysium.Editor.SmokeBatchRunner:RunProtoSmokeSuite () (at Assets/Editor/SmokeBatchRunner.cs:64)

(Filename: Assets/Editor/SmokeBatchRunner.cs Line: 64)

Curl error 42: Callback aborted
Request timed out while processing request "https://public-cdn.cloud.unity3d.com/config/production", HTTP error code 0
.[UnityConnect] Request timed out.
Thread 0x16fce3000 may have been prematurely finalized
Input System module state changed to: ShutdownInProgress.
Input Polling Thread exited.
Input System module state changed to: Shutdown.
[Physics::Module] Cleanup current backend.
[Physics::Module] Id: 0xf2b8ea05
[Licensing::IpcConnector] LicenseClient-jws-6000.4.0-notifications channel disconnected successfully.
[Licensing::IpcConnector] LicenseClient-jws-6000.4.0 channel disconnected successfully.
Thread 0x170373000 may have been prematurely finalized
Thread 0x1703ff000 may have been prematurely finalized
Thread 0x17048b000 may have been prematurely finalized
Thread 0x170517000 may have been prematurely finalized
Thread 0x1706bb000 may have been prematurely finalized
Thread 0x17062f000 may have been prematurely finalized
Thread 0x1705a3000 may have been prematurely finalized
Thread 0x170747000 may have been prematurely finalized
Thread 0x1707d3000 may have been prematurely finalized
AcceleratorClientConnectionCallback - disconnected - :0
info: Microsoft.Hosting.Lifetime[0]
      Application is shutting down...
Cleanup mono
CodeReloadManager destroyed
info: Unity.ILPP.Runner.PostProcessingAssemblyLoadContext[0]
      ALC ILPP context 1 is unloading
debugger-agent: Unable to listen on 44
